d:\code projects\msc graphics deploy\graphics for games\3) texturing\debug\vc100.pdb
\\campus\home\home2015\b6017721\downloads\week 1\graphics for games\3) texturing\debug\vc120.pdb
\\campus\home\home2015\b6017721\downloads\week 1\graphics for games\3) texturing\debug\vc120.idb
c:\users\lolo\source\repos\graphics4games\week 1\graphics for games\3) texturing\debug\vc140.pdb
c:\users\lolo\source\repos\graphics4games\week 1\graphics for games\3) texturing\debug\vc140.idb
c:\users\lolo\source\repos\graphics4games\week 1\graphics for games\3) texturing\debug\cl.6100.read.1.tlog
c:\users\lolo\source\repos\graphics4games\week 1\graphics for games\3) texturing\debug\cl.6100.write.1.tlog
c:\users\lolo\source\repos\graphics4games\week 1\graphics for games\3) texturing\debug\cl.6288.read.1.tlog
c:\users\lolo\source\repos\graphics4games\week 1\graphics for games\3) texturing\debug\cl.6288.write.1.tlog
c:\users\lolo\source\repos\graphics4games\week 1\graphics for games\3) texturing\debug\cl.7788.read.1.tlog
c:\users\lolo\source\repos\graphics4games\week 1\graphics for games\3) texturing\debug\cl.7788.write.1.tlog
c:\users\lolo\source\repos\graphics4games\week 1\graphics for games\3) texturing\debug\cl.command.1.tlog
c:\users\lolo\source\repos\graphics4games\week 1\graphics for games\3) texturing\debug\cl.read.1.tlog
c:\users\lolo\source\repos\graphics4games\week 1\graphics for games\3) texturing\debug\cl.write.1.tlog
c:\users\lolo\source\repos\graphics4games\week 1\graphics for games\3) texturing\debug\tutorial3 - texturing.write.1.tlog
c:\users\lolo\source\repos\graphics4games\week 1\graphics for games\3) texturing\debug\vc120.idb
c:\users\lolo\source\repos\graphics4games\week 1\graphics for games\3) texturing\debug\vc120.pdb
c:\users\lolo\source\repos\graphics4games\week 1\graphics for games\3) texturing\debug\tutorial.67a58e4e.tlog\cl.command.1.tlog
c:\users\lolo\source\repos\graphics4games\week 1\graphics for games\3) texturing\debug\tutorial.67a58e4e.tlog\cl.read.1.tlog
c:\users\lolo\source\repos\graphics4games\week 1\graphics for games\3) texturing\debug\tutorial.67a58e4e.tlog\cl.write.1.tlog
