d:\code projects\msc graphics deploy\graphics for games\5) stencils & scissors\debug\vc100.pdb
\\campus\home\home2015\b6017721\downloads\week 1\graphics for games\5) stencils & scissors\debug\vc120.pdb
\\campus\home\home2015\b6017721\downloads\week 1\graphics for games\5) stencils & scissors\debug\vc120.idb
c:\users\lolo\source\repos\graphics4games\week 1\graphics for games\5) stencils & scissors\debug\vc140.pdb
c:\users\lolo\source\repos\graphics4games\week 1\graphics for games\5) stencils & scissors\debug\vc140.idb
c:\users\lolo\source\repos\graphics4games\week 1\graphics for games\5) stencils & scissors\debug\tutorial5.vcxprojresolveassemblyreference.cache
c:\users\lolo\source\repos\graphics4games\week 1\graphics for games\5) stencils & scissors\debug\cl.2640.read.1.tlog
c:\users\lolo\source\repos\graphics4games\week 1\graphics for games\5) stencils & scissors\debug\cl.2640.write.1.tlog
c:\users\lolo\source\repos\graphics4games\week 1\graphics for games\5) stencils & scissors\debug\cl.4536.read.1.tlog
c:\users\lolo\source\repos\graphics4games\week 1\graphics for games\5) stencils & scissors\debug\cl.4536.write.1.tlog
c:\users\lolo\source\repos\graphics4games\week 1\graphics for games\5) stencils & scissors\debug\cl.5100.read.1.tlog
c:\users\lolo\source\repos\graphics4games\week 1\graphics for games\5) stencils & scissors\debug\cl.5100.write.1.tlog
c:\users\lolo\source\repos\graphics4games\week 1\graphics for games\5) stencils & scissors\debug\cl.5324.read.1.tlog
c:\users\lolo\source\repos\graphics4games\week 1\graphics for games\5) stencils & scissors\debug\cl.5324.write.1.tlog
c:\users\lolo\source\repos\graphics4games\week 1\graphics for games\5) stencils & scissors\debug\cl.5520.read.1.tlog
c:\users\lolo\source\repos\graphics4games\week 1\graphics for games\5) stencils & scissors\debug\cl.5520.write.1.tlog
c:\users\lolo\source\repos\graphics4games\week 1\graphics for games\5) stencils & scissors\debug\cl.command.1.tlog
c:\users\lolo\source\repos\graphics4games\week 1\graphics for games\5) stencils & scissors\debug\cl.read.1.tlog
c:\users\lolo\source\repos\graphics4games\week 1\graphics for games\5) stencils & scissors\debug\cl.write.1.tlog
c:\users\lolo\source\repos\graphics4games\week 1\graphics for games\5) stencils & scissors\debug\tutorial5 - scissors and stencils.write.1.tlog
c:\users\lolo\source\repos\graphics4games\week 1\graphics for games\5) stencils & scissors\debug\vc120.idb
c:\users\lolo\source\repos\graphics4games\week 1\graphics for games\5) stencils & scissors\debug\vc120.pdb
c:\users\lolo\source\repos\graphics4games\week 1\graphics for games\5) stencils & scissors\debug\tutorial.e32f8803.tlog\cl.command.1.tlog
c:\users\lolo\source\repos\graphics4games\week 1\graphics for games\5) stencils & scissors\debug\tutorial.e32f8803.tlog\cl.read.1.tlog
c:\users\lolo\source\repos\graphics4games\week 1\graphics for games\5) stencils & scissors\debug\tutorial.e32f8803.tlog\cl.write.1.tlog
