d:\code projects\msc graphics deploy\graphics for games\4) depth & transparency\debug\vc100.pdb
\\campus\home\home2015\b6017721\downloads\week 1\graphics for games\4) depth & transparency\debug\vc120.pdb
\\campus\home\home2015\b6017721\downloads\week 1\graphics for games\4) depth & transparency\debug\vc120.idb
c:\users\lolo\source\repos\graphics4games\week 1\graphics for games\4) depth & transparency\debug\vc140.pdb
c:\users\lolo\source\repos\graphics4games\week 1\graphics for games\4) depth & transparency\debug\vc140.idb
c:\users\lolo\source\repos\graphics4games\week 1\graphics for games\4) depth & transparency\debug\cl.2332.read.1.tlog
c:\users\lolo\source\repos\graphics4games\week 1\graphics for games\4) depth & transparency\debug\cl.2332.write.1.tlog
c:\users\lolo\source\repos\graphics4games\week 1\graphics for games\4) depth & transparency\debug\cl.7760.read.1.tlog
c:\users\lolo\source\repos\graphics4games\week 1\graphics for games\4) depth & transparency\debug\cl.7760.write.1.tlog
c:\users\lolo\source\repos\graphics4games\week 1\graphics for games\4) depth & transparency\debug\cl.7788.read.1.tlog
c:\users\lolo\source\repos\graphics4games\week 1\graphics for games\4) depth & transparency\debug\cl.7788.write.1.tlog
c:\users\lolo\source\repos\graphics4games\week 1\graphics for games\4) depth & transparency\debug\cl.command.1.tlog
c:\users\lolo\source\repos\graphics4games\week 1\graphics for games\4) depth & transparency\debug\cl.read.1.tlog
c:\users\lolo\source\repos\graphics4games\week 1\graphics for games\4) depth & transparency\debug\cl.write.1.tlog
c:\users\lolo\source\repos\graphics4games\week 1\graphics for games\4) depth & transparency\debug\tutorial4 - depth and transparency.write.1.tlog
c:\users\lolo\source\repos\graphics4games\week 1\graphics for games\4) depth & transparency\debug\vc120.idb
c:\users\lolo\source\repos\graphics4games\week 1\graphics for games\4) depth & transparency\debug\vc120.pdb
c:\users\lolo\source\repos\graphics4games\week 1\graphics for games\4) depth & transparency\debug\tutorial.45ebbbbf.tlog\cl.command.1.tlog
c:\users\lolo\source\repos\graphics4games\week 1\graphics for games\4) depth & transparency\debug\tutorial.45ebbbbf.tlog\cl.read.1.tlog
c:\users\lolo\source\repos\graphics4games\week 1\graphics for games\4) depth & transparency\debug\tutorial.45ebbbbf.tlog\cl.write.1.tlog
